<?xml version="1.0" encoding="UTF-8"?>
<!-- Generated by org.testng.reporters.JUnitXMLReporter -->
<testsuite ignored="0" hostname="DESKTOP-MCF4SQC" failures="0" tests="4" name="Test" time="7.983" errors="0" timestamp="15 May 2023 05:07:37 GMT">
  <testcase classname="com.testNGChallanges.ParallelTesting" name="functionalTest" time="5.81"/>
  <testcase classname="com.testNGChallanges.ParallelTesting" name="smokeTest" time="5.942"/>
  <testcase classname="com.testNGChallanges.ParallelTesting" name="sanityTest" time="5.977"/>
  <testcase classname="com.testNGChallanges.ParallelTesting" name="regressionTest" time="7.958"/>
</testsuite> <!-- Test -->
