<?xml version="1.0" encoding="UTF-8"?>
<!-- Generated by org.testng.reporters.JUnitXMLReporter -->
<testsuite ignored="3" hostname="DESKTOP-MCF4SQC" failures="0" tests="2" name="Default test(failed)(failed)(failed)" time="0.031" errors="0" timestamp="17 May 2023 03:29:10 GMT">
  <testcase classname="com.testNGChallanges.FailedTestCases" name="getTestOne" time="0.008"/>
  <testcase classname="com.testNGChallanges.FailedTestCases" name="getTestFive" time="0.001"/>
  <testcase classname="com.testNGChallanges.FailedTestCases" name="getTestFour" time="0.0">
    <ignored/>
  </testcase> <!-- getTestFour -->
  <testcase classname="com.testNGChallanges.FailedTestCases" name="getTestThree" time="0.0">
    <ignored/>
  </testcase> <!-- getTestThree -->
  <testcase classname="com.testNGChallanges.FailedTestCases" name="getTestTwo" time="0.0">
    <ignored/>
  </testcase> <!-- getTestTwo -->
</testsuite> <!-- Default test(failed)(failed)(failed) -->
