<?xml version="1.0" encoding="UTF-8"?>
<testng-results ignored="3" total="5" passed="2" failed="0" skipped="0">
  <reporter-output>
  </reporter-output>
  <suite started-at="2023-05-17T03:29:10Z" name="Failed suite [Failed suite [Failed suite [Default suite]]]" finished-at="2023-05-17T03:29:10Z" duration-ms="31">
    <groups>
    </groups>
    <test started-at="2023-05-17T03:29:10Z" name="Default test(failed)(failed)(failed)" finished-at="2023-05-17T03:29:10Z" duration-ms="31">
      <class name="com.testNGChallanges.FailedTestCases">
        <test-method signature="getTestOne()[pri:0, instance:com.testNGChallanges.FailedTestCases@769e7ee8]" started-at="2023-05-17T03:29:10Z" name="getTestOne" finished-at="2023-05-17T03:29:10Z" duration-ms="8" status="PASS">
          <reporter-output>
          </reporter-output>
        </test-method> <!-- getTestOne -->
        <test-method signature="getTestFive()[pri:0, instance:com.testNGChallanges.FailedTestCases@769e7ee8]" started-at="2023-05-17T03:29:10Z" name="getTestFive" finished-at="2023-05-17T03:29:10Z" duration-ms="1" status="PASS">
          <reporter-output>
          </reporter-output>
        </test-method> <!-- getTestFive -->
      </class> <!-- com.testNGChallanges.FailedTestCases -->
    </test> <!-- Default test(failed)(failed)(failed) -->
  </suite> <!-- Failed suite [Failed suite [Failed suite [Default suite]]] -->
</testng-results>
